Msg 911, Level 16, State 1, Server CGAMBRELL\SQLEXPRESS, Line 1
Database ''%PepperidgeFarmsSys2%'' does not exist. Make sure that the name is entered correctly.
Changed database context to 'PepperidgeFarmsSys2'.
ID          TIMESTAMP               USERNAME                  COMMENT                                                                                                                                               
----------- ----------------------- ------------------------- ------------------------------------------------------------------------------------------------------------------------------------------------------
        280 2019-11-04 14:38:27.000 cemdas                    CEMDAS started.                                                                                                                                       
        281 2019-11-04 15:55:34.000 cemdas                    CEMDAS terminated by cemdas                                                                                                                           
        282 2019-11-04 15:55:45.000 cemdas                    CEMDAS started.                                                                                                                                       
        283 2019-11-04 15:56:15.000 admin                     User admin logged in.                                                                                                                                 
        284 2019-11-04 15:56:58.000 admin                     Emissions columns updated.                                                                                                                            
        285 2019-11-04 15:58:40.000 admin                     Emissions rows updated.                                                                                                                               
        286 2019-11-04 15:58:41.000 admin                     Emissions columns updated.                                                                                                                            
        287 2019-11-04 15:59:04.000 admin                     Dashboard layout saved.                                                                                                                               
        288 2019-11-04 15:59:14.000 admin                     CEMDAS terminated by admin                                                                                                                            
        289 2019-11-04 15:59:53.000 PPE                       Starting the Post Processing Engine...                                                                                                                
        290 2019-11-04 15:59:54.000 PPE                       Setting:PADEP REV8 in General config table not found                                                                                                  
        291 2019-11-04 15:59:55.000 cemdas                    CEMDAS started.                                                                                                                                       
        292 2019-11-04 15:59:57.000 DCE                       Starting DCE...                                                                                                                                       
        293 2019-11-04 15:59:57.000 DCE                       LOAD_PLC_INFO - ReadOnly not set in GeneralCfg table                                                                                                  
        294 2019-11-04 15:59:57.000 DCE                       LOAD_PLC_INFO - CPU313 not set in GeneralCfg table                                                                                                    
        295 2019-11-04 15:59:57.000 DCE                       STATE.DCE does not exist. Default created.                                                                                                            
        296 2019-11-04 16:00:06.000 DCE                       11/4/2019 4:00:06 PM, Sending 2nd cmd :  mintPLC_FAIL(1 )6                                                                                            
        297 2019-11-04 16:00:10.000 PPE                       [201911MIN] database and Minute table are created at 11/4/2019 4:00:10 PM...                                                                          
        298 2019-11-04 16:01:25.000 cemdas                    Emissions rows updated.                                                                                                                               
        299 2019-11-04 16:01:26.000 cemdas                    Emissions columns updated.                                                                                                                            
        300 2019-11-04 16:01:43.000 cemdas                    Emissions columns updated.                                                                                                                            
        301 2019-11-04 16:02:31.000 cemdas                    Emissions columns updated.                                                                                                                            
        302 2019-11-04 16:03:37.000 cemdas                    Alarms acknowledged.                                                                                                                                  
        303 2019-11-04 16:03:56.000 cemdas                    Emissions columns updated.                                                                                                                            
        304 2019-11-04 16:06:19.000 cemdas                    Emissions columns updated.                                                                                                                            
        305 2019-11-04 16:08:01.000 admin                     User admin logged in.                                                                                                                                 
        306 2019-11-04 16:15:05.000 admin                     CEMDAS terminated by admin                                                                                                                            
        307 2019-11-04 16:15:31.000 PPE                       Starting the Post Processing Engine...                                                                                                                
        308 2019-11-04 16:15:31.000 PPE                       Setting:PADEP REV8 in General config table not found                                                                                                  
        309 2019-11-04 16:15:32.000 cemdas                    CEMDAS started.                                                                                                                                       
        310 2019-11-04 16:15:35.000 DCE                       Starting DCE...                                                                                                                                       
        311 2019-11-04 16:15:35.000 DCE                       LOAD_PLC_INFO - ReadOnly not set in GeneralCfg table                                                                                                  
        312 2019-11-04 16:15:35.000 DCE                       LOAD_PLC_INFO - CPU313 not set in GeneralCfg table                                                                                                    
        313 2019-11-04 16:15:44.000 DCE                       11/4/2019 4:15:44 PM, Sending 2nd cmd :  mintPLC_FAIL(1 )6                                                                                            
        314 2019-11-04 16:16:30.000 cemdas                    Emissions columns updated.                                                                                                                            
        315 2019-11-04 16:18:07.000 cemdas                    Emissions rows updated.                                                                                                                               
        316 2019-11-04 16:18:18.000 cemdas                    Emissions columns updated.                                                                                                                            
        317 2019-11-04 16:18:26.000 cemdas                    Emissions columns updated.                                                                                                                            
        318 2019-11-04 16:18:54.000 cemdas                    Emissions columns updated.                                                                                                                            
        319 2019-11-04 16:19:00.000 cemdas                    Emissions columns updated.                                                                                                                            
        320 2019-11-04 16:19:15.000 cemdas                    Emissions columns updated.                                                                                                                            
        321 2019-11-04 16:19:36.000 cemdas                    Emissions columns updated.                                                                                                                            
        322 2019-11-04 16:19:49.000 cemdas                    Alarms acknowledged.                                                                                                                                  
        323 2019-11-04 16:23:51.000 cemdas                    Emissions columns updated.                                                                                                                            
        324 2019-11-04 16:24:03.000 cemdas                    Emissions rows updated.                                                                                                                               
        325 2019-11-04 16:24:07.000 cemdas                    Emissions columns updated.                                                                                                                            
        326 2019-11-04 16:24:16.000 cemdas                    Emissions columns updated.                                                                                                                            
        327 2019-11-04 16:30:13.000 cemdas                    Dashboard layout saved.                                                                                                                               
        328 2019-11-04 16:30:52.000 cemdas                    CEMDAS terminated by cemdas                                                                                                                           
        329 2019-11-04 16:31:10.000 PPE                       Starting the Post Processing Engine...                                                                                                                
        330 2019-11-04 16:31:10.000 PPE                       Setting:PADEP REV8 in General config table not found                                                                                                  
        331 2019-11-04 16:31:12.000 cemdas                    CEMDAS started.                                                                                                                                       
        332 2019-11-04 16:31:14.000 DCE                       Starting DCE...                                                                                                                                       
        333 2019-11-04 16:31:14.000 DCE                       LOAD_PLC_INFO - ReadOnly not set in GeneralCfg table                                                                                                  
        334 2019-11-04 16:31:14.000 DCE                       LOAD_PLC_INFO - CPU313 not set in GeneralCfg table                                                                                                    
        335 2019-11-04 16:31:14.000 DCE                       STATE.DCE does not exist. Default created.                                                                                                            
        336 2019-11-04 16:31:35.000 DCE                       11/4/2019 4:31:35 PM, Sending 2nd cmd :  mintPLC_FAIL(1 )6                                                                                            
        337 2019-11-04 16:32:22.000 cemdas                    CEMDAS terminated by cemdas                                                                                                                           
        338 2019-11-04 16:32:49.000 PPE                       Starting the Post Processing Engine...                                                                                                                
        339 2019-11-04 16:32:49.000 PPE                       Setting:PADEP REV8 in General config table not found                                                                                                  
        340 2019-11-04 16:32:51.000 cemdas                    CEMDAS started.                                                                                                                                       
        341 2019-11-04 16:32:53.000 DCE                       Starting DCE...                                                                                                                                       
        342 2019-11-04 16:32:53.000 DCE                       LOAD_PLC_INFO - ReadOnly not set in GeneralCfg table                                                                                                  
        343 2019-11-04 16:32:53.000 DCE                       LOAD_PLC_INFO - CPU313 not set in GeneralCfg table                                                                                                    
        344 2019-11-04 16:33:02.000 DCE                       11/4/2019 4:33:02 PM, Sending 2nd cmd :  mintPLC_FAIL(1 )6                                                                                            
        345 2019-11-04 16:33:09.000 admin                     User admin logged in.                                                                                                                                 
        346 2019-11-04 16:33:24.000 admin                     Emissions columns updated.                                                                                                                            
        347 2019-11-04 16:33:37.000 admin                     Emissions columns updated.                                                                                                                            
        348 2019-11-04 16:33:54.000 admin                     Emissions columns updated.                                                                                                                            
        349 2019-11-04 16:34:15.000 admin                     Emissions columns updated.                                                                                                                            
        350 2019-11-04 16:39:48.000 admin                     Dashboard layout saved.                                                                                                                               
        351 2019-11-04 16:39:58.000 admin                     CEMDAS terminated by admin                                                                                                                            
        352 2019-11-04 16:40:15.000 PPE                       Starting the Post Processing Engine...                                                                                                                
        353 2019-11-04 16:40:15.000 PPE                       Setting:PADEP REV8 in General config table not found                                                                                                  
        354 2019-11-04 16:40:17.000 cemdas                    CEMDAS started.                                                                                                                                       
        355 2019-11-04 16:40:19.000 DCE                       Starting DCE...                                                                                                                                       
        356 2019-11-04 16:40:19.000 DCE                       LOAD_PLC_INFO - ReadOnly not set in GeneralCfg table                                                                                                  
        357 2019-11-04 16:40:19.000 DCE                       LOAD_PLC_INFO - CPU313 not set in GeneralCfg table                                                                                                    
        358 2019-11-04 16:40:28.000 DCE                       11/4/2019 4:40:28 PM, Sending 2nd cmd :  mintPLC_FAIL(1 )6                                                                                            
        359 2019-11-04 16:40:56.000 cemdas                    Emissions columns updated.                                                                                                                            
        360 2019-11-04 16:42:10.000 cemdas                    Emissions columns updated.                                                                                                                            
        361 2019-11-04 16:43:30.000 cemdas                    Dashboard layout saved.                                                                                                                               
        362 2019-11-04 16:43:32.000 admin                     User admin logged in.                                                                                                                                 
        363 2019-11-04 16:43:46.000 admin                     Emissions columns updated.                                                                                                                            
        364 2019-11-04 16:46:14.000 admin                     Dashboard layout saved.                                                                                                                               
        365 2019-11-04 16:46:23.000 admin                     CEMDAS terminated by admin                                                                                                                            
        366 2019-11-04 16:46:37.000 PPE                       Starting the Post Processing Engine...                                                                                                                
        367 2019-11-04 16:46:38.000 PPE                       Setting:PADEP REV8 in General config table not found                                                                                                  
        368 2019-11-04 16:46:39.000 cemdas                    CEMDAS started.                                                                                                                                       
        369 2019-11-04 16:46:41.000 DCE                       Starting DCE...                                                                                                                                       
        370 2019-11-04 16:46:41.000 DCE                       LOAD_PLC_INFO - ReadOnly not set in GeneralCfg table                                                                                                  
        371 2019-11-04 16:46:41.000 DCE                       LOAD_PLC_INFO - CPU313 not set in GeneralCfg table                                                                                                    
        372 2019-11-04 16:46:41.000 DCE                       STATE.DCE does not exist. Default created.                                                                                                            
        373 2019-11-04 16:46:50.000 DCE                       11/4/2019 4:46:50 PM, Sending 2nd cmd :  mintPLC_FAIL(1 )6                                                                                            
        374 2019-11-04 16:47:00.000 admin                     User admin logged in.                                                                                                                                 
        375 2019-11-04 16:47:13.000 admin                     Emissions columns updated.                                                                                                                            
        376 2019-11-04 16:48:30.000 admin                     CEMDAS terminated by admin                                                                                                                            
        377 2019-11-04 16:52:23.000 PPE                       Starting the Post Processing Engine...                                                                                                                
        378 2019-11-04 16:52:23.000 PPE                       Setting:PADEP REV8 in General config table not found                                                                                                  
        379 2019-11-04 16:52:25.000 cemdas                    CEMDAS started.                                                                                                                                       
        380 2019-11-04 16:52:27.000 DCE                       Starting DCE...                                                                                                                                       
        381 2019-11-04 16:52:27.000 DCE                       LOAD_PLC_INFO - ReadOnly not set in GeneralCfg table                                                                                                  
        382 2019-11-04 16:52:27.000 DCE                       LOAD_PLC_INFO - CPU313 not set in GeneralCfg table                                                                                                    
        383 2019-11-04 16:52:36.000 DCE                       11/4/2019 4:52:36 PM, Sending 2nd cmd :  mintPLC_FAIL(1 )6                                                                                            
        384 2019-11-04 16:52:43.000 cemdas                    Alarms acknowledged.                                                                                                                                  
        385 2019-11-04 16:53:14.000 cemdas                    Emissions columns updated.                                                                                                                            
        386 2019-11-04 16:53:55.000 cemdas                    Emissions columns updated.                                                                                                                            
        387 2019-11-04 16:57:15.000 admin                     User admin logged in.                                                                                                                                 
        388 2019-11-04 16:57:58.000 admin                     Emissions columns updated.                                                                                                                            
        389 2019-11-04 16:58:14.000 admin                     Dashboard layout saved.                                                                                                                               
        390 2019-11-04 16:58:23.000 admin                     CEMDAS terminated by admin                                                                                                                            
        391 2019-11-04 17:04:48.000 PPE                       Starting the Post Processing Engine...                                                                                                                
        392 2019-11-04 17:04:48.000 PPE                       Setting:PADEP REV8 in General config table not found                                                                                                  
        393 2019-11-04 17:04:50.000 cemdas                    CEMDAS started.                                                                                                                                       
        394 2019-11-04 17:04:52.000 DCE                       Starting DCE...                                                                                                                                       
        395 2019-11-04 17:04:52.000 DCE                       LOAD_PLC_INFO - ReadOnly not set in GeneralCfg table                                                                                                  
        396 2019-11-04 17:04:52.000 DCE                       LOAD_PLC_INFO - CPU313 not set in GeneralCfg table                                                                                                    
        397 2019-11-04 17:05:01.000 DCE                       11/4/2019 5:05:01 PM, Sending 2nd cmd :  mintPLC_FAIL(1 )6                                                                                            
        398 2019-11-04 17:05:14.000 cemdas                    Dashboard layout saved.                                                                                                                               
        399 2019-11-04 17:05:16.000 admin                     User admin logged in.                                                                                                                                 
        400 2019-11-04 17:05:24.000 admin                     Alarms acknowledged.                                                                                                                                  
        401 2019-11-04 17:06:09.000 admin                     CEMDAS terminated by admin                                                                                                                            
        402 2019-11-05 08:16:51.000 PPE                       Starting the Post Processing Engine...                                                                                                                
        403 2019-11-05 08:16:51.000 PPE                       Setting:PADEP REV8 in General config table not found                                                                                                  
        404 2019-11-05 08:16:52.000 DCE                       Starting DCE...                                                                                                                                       
        405 2019-11-05 08:16:52.000 DCE                       LOAD_PLC_INFO - ReadOnly not set in GeneralCfg table                                                                                                  
        406 2019-11-05 08:16:52.000 DCE                       LOAD_PLC_INFO - CPU313 not set in GeneralCfg table                                                                                                    
        407 2019-11-05 08:16:52.000 cemdas                    CEMDAS started.                                                                                                                                       
        408 2019-11-05 08:17:09.000 DCE                       11/5/2019 8:17:09 AM, Sending 2nd cmd :  mintPLC_FAIL(1 )6                                                                                            
        409 2019-11-05 08:17:26.000 cemdas                    Dashboard layout saved.                                                                                                                               
        410 2019-11-05 08:17:28.000 admin                     User admin logged in.                                                                                                                                 
        411 2019-11-05 08:17:42.000 admin                     Alarms acknowledged.                                                                                                                                  
        412 2019-11-05 09:05:31.000 admin                     Dashboard layout saved.                                                                                                                               
        413 2019-11-05 09:05:40.000 admin                     CEMDAS terminated by admin                                                                                                                            
        414 2019-11-05 09:06:06.000 PPE                       Starting the Post Processing Engine...                                                                                                                
        415 2019-11-05 09:06:06.000 PPE                       Setting:PADEP REV8 in General config table not found                                                                                                  
        416 2019-11-05 09:06:08.000 cemdas                    CEMDAS started.                                                                                                                                       
        417 2019-11-05 09:06:10.000 DCE                       Starting DCE...                                                                                                                                       
        418 2019-11-05 09:06:10.000 DCE                       LOAD_PLC_INFO - ReadOnly not set in GeneralCfg table                                                                                                  
        419 2019-11-05 09:06:10.000 DCE                       LOAD_PLC_INFO - CPU313 not set in GeneralCfg table                                                                                                    
        420 2019-11-05 09:06:19.000 DCE                       11/5/2019 9:06:19 AM, Sending 2nd cmd :  mintPLC_FAIL(1 )6                                                                                            
        421 2019-11-05 09:06:25.000 admin                     User admin logged in.                                                                                                                                 
        422 2019-11-05 09:08:43.000 admin                     CEMDAS terminated by admin                                                                                                                            
        423 2019-11-05 09:09:03.000 PPE                       Starting the Post Processing Engine...                                                                                                                
        424 2019-11-05 09:09:03.000 PPE                       Setting:PADEP REV8 in General config table not found                                                                                                  
        425 2019-11-05 09:09:05.000 cemdas                    CEMDAS started.                                                                                                                                       
        426 2019-11-05 09:09:07.000 DCE                       Starting DCE...                                                                                                                                       
        427 2019-11-05 09:09:07.000 DCE                       LOAD_PLC_INFO - ReadOnly not set in GeneralCfg table                                                                                                  
        428 2019-11-05 09:09:07.000 DCE                       LOAD_PLC_INFO - CPU313 not set in GeneralCfg table                                                                                                    
        429 2019-11-05 09:09:16.000 DCE                       11/5/2019 9:09:16 AM, Sending 2nd cmd :  mintPLC_FAIL(1 )6                                                                                            
        430 2019-11-05 09:09:31.000 admin                     User admin logged in.                                                                                                                                 
        431 2019-11-05 09:09:42.000 admin                     Alarms acknowledged.                                                                                                                                  
        432 2019-11-05 09:10:24.000 admin                     User admin logged out.                                                                                                                                
        433 2019-11-05 09:10:28.000 admin                     User admin logged in.                                                                                                                                 
        434 2019-11-05 10:41:20.000 admin                     CEMDAS terminated by admin                                                                                                                            
        435 2019-11-05 13:01:54.000 PPE                       Starting the Post Processing Engine...                                                                                                                
        436 2019-11-05 13:01:54.000 PPE                       Setting:PADEP REV8 in General config table not found                                                                                                  
        437 2019-11-05 13:01:56.000 cemdas                    CEMDAS started.                                                                                                                                       
        438 2019-11-05 13:01:58.000 DCE                       Starting DCE...                                                                                                                                       
        439 2019-11-05 13:01:58.000 DCE                       LOAD_PLC_INFO - ReadOnly not set in GeneralCfg table                                                                                                  
        440 2019-11-05 13:01:58.000 DCE                       LOAD_PLC_INFO - CPU313 not set in GeneralCfg table                                                                                                    
        441 2019-11-05 13:01:59.000 DCE                       ReSending Daily Calibration Info to PLC due to IO_SYS_OUT                                                                                             
        442 2019-11-05 13:02:12.000 admin                     User admin logged in.                                                                                                                                 
        443 2019-11-05 13:03:15.000 admin                     Alarms acknowledged.                                                                                                                                  
        444 2019-11-05 13:29:07.000 admin                     CEMDAS terminated by admin                                                                                                                            
        445 2019-11-05 13:29:20.000 PPE                       Starting the Post Processing Engine...                                                                                                                
        446 2019-11-05 13:29:20.000 PPE                       Setting:PADEP REV8 in General config table not found                                                                                                  
        447 2019-11-05 13:29:22.000 cemdas                    CEMDAS started.                                                                                                                                       
        448 2019-11-05 13:29:24.000 DCE                       Starting DCE...                                                                                                                                       
        449 2019-11-05 13:29:24.000 DCE                       LOAD_PLC_INFO - ReadOnly not set in GeneralCfg table                                                                                                  
        450 2019-11-05 13:29:24.000 DCE                       LOAD_PLC_INFO - CPU313 not set in GeneralCfg table                                                                                                    
        451 2019-11-05 13:29:25.000 DCE                       ReSending Daily Calibration Info to PLC due to IO_SYS_OUT                                                                                             
        452 2019-11-05 13:31:18.000 cemdas                    Alarms acknowledged.                                                                                                                                  
        453 2019-11-05 13:31:42.000 admin                     User admin logged in.                                                                                                                                 
        454 2019-11-05 13:31:59.000 admin                     CEMDAS terminated by admin                                                                                                                            
        455 2019-11-05 13:32:16.000 PPE                       Starting the Post Processing Engine...                                                                                                                
        456 2019-11-05 13:32:16.000 PPE                       Setting:PADEP REV8 in General config table not found                                                                                                  
        457 2019-11-05 13:32:18.000 cemdas                    CEMDAS started.                                                                                                                                       
        458 2019-11-05 13:32:20.000 DCE                       Starting DCE...                                                                                                                                       
        459 2019-11-05 13:32:20.000 DCE                       LOAD_PLC_INFO - ReadOnly not set in GeneralCfg table                                                                                                  
        460 2019-11-05 13:32:20.000 DCE                       LOAD_PLC_INFO - CPU313 not set in GeneralCfg table                                                                                                    
        461 2019-11-05 13:32:21.000 DCE                       ReSending Daily Calibration Info to PLC due to IO_SYS_OUT                                                                                             
        462 2019-11-05 13:32:47.000 admin                     User admin logged in.                                                                                                                                 
        463 2019-11-05 13:33:17.000 admin                     CEMDAS terminated by admin                                                                                                                            
        464 2019-11-05 13:33:33.000 PPE                       Starting the Post Processing Engine...                                                                                                                
        465 2019-11-05 13:33:33.000 PPE                       Setting:PADEP REV8 in General config table not found                                                                                                  
        466 2019-11-05 13:33:35.000 cemdas                    CEMDAS started.                                                                                                                                       
        467 2019-11-05 13:33:37.000 DCE                       Starting DCE...                                                                                                                                       
        468 2019-11-05 13:33:37.000 DCE                       LOAD_PLC_INFO - ReadOnly not set in GeneralCfg table                                                                                                  
        469 2019-11-05 13:33:37.000 DCE                       LOAD_PLC_INFO - CPU313 not set in GeneralCfg table                                                                                                    
        470 2019-11-05 13:33:38.000 DCE                       ReSending Daily Calibration Info to PLC due to IO_SYS_OUT                                                                                             
        471 2019-11-05 13:33:55.000 admin                     User admin logged in.                                                                                                                                 
        472 2019-11-05 13:38:10.000 admin                     CEMDAS terminated by admin                                                                                                                            
        473 2019-11-05 13:38:21.000 PPE                       Starting the Post Processing Engine...                                                                                                                
        474 2019-11-05 13:38:21.000 PPE                       Setting:PADEP REV8 in General config table not found                                                                                                  
        475 2019-11-05 13:38:23.000 cemdas                    CEMDAS started.                                                                                                                                       
        476 2019-11-05 13:38:25.000 DCE                       Starting DCE...                                                                                                                                       
        477 2019-11-05 13:38:25.000 DCE                       LOAD_PLC_INFO - ReadOnly not set in GeneralCfg table                                                                                                  
        478 2019-11-05 13:38:25.000 DCE                       LOAD_PLC_INFO - CPU313 not set in GeneralCfg table                                                                                                    
        479 2019-11-05 13:38:26.000 DCE                       ReSending Daily Calibration Info to PLC due to IO_SYS_OUT                                                                                             
        480 2019-11-05 13:38:37.000 admin                     User admin logged in.                                                                                                                                 
        481 2019-11-05 13:44:13.000 admin                     Alarms acknowledged.                                                                                                                                  
        482 2019-11-05 14:01:36.000 admin                     Alarms acknowledged.                                                                                                                                  
        483 2019-11-05 14:09:36.000 admin                     CEMDAS terminated by admin                                                                                                                            
        484 2019-11-05 14:09:46.000 PPE                       Starting the Post Processing Engine...                                                                                                                
        485 2019-11-05 14:09:46.000 PPE                       Setting:PADEP REV8 in General config table not found                                                                                                  
        486 2019-11-05 14:09:48.000 cemdas                    CEMDAS started.                                                                                                                                       
        487 2019-11-05 14:09:50.000 DCE                       Starting DCE...                                                                                                                                       
        488 2019-11-05 14:09:50.000 DCE                       LOAD_PLC_INFO - ReadOnly not set in GeneralCfg table                                                                                                  
        489 2019-11-05 14:09:50.000 DCE                       LOAD_PLC_INFO - CPU313 not set in GeneralCfg table                                                                                                    
        490 2019-11-05 14:09:51.000 DCE                       ReSending Daily Calibration Info to PLC due to IO_SYS_OUT                                                                                             
        491 2019-11-05 14:10:25.000 admin                     User admin logged in.                                                                                                                                 
        492 2019-11-05 14:11:18.000 admin                     CEMDAS terminated by admin                                                                                                                            
        493 2019-11-05 14:11:33.000 PPE                       Starting the Post Processing Engine...                                                                                                                
        494 2019-11-05 14:11:33.000 PPE                       Setting:PADEP REV8 in General config table not found                                                                                                  
        495 2019-11-05 14:11:35.000 cemdas                    CEMDAS started.                                                                                                                                       
        496 2019-11-05 14:11:37.000 DCE                       Starting DCE...                                                                                                                                       
        497 2019-11-05 14:11:37.000 DCE                       LOAD_PLC_INFO - ReadOnly not set in GeneralCfg table                                                                                                  
        498 2019-11-05 14:11:37.000 DCE                       LOAD_PLC_INFO - CPU313 not set in GeneralCfg table                                                                                                    
        499 2019-11-05 14:11:38.000 DCE                       ReSending Daily Calibration Info to PLC due to IO_SYS_OUT                                                                                             
        500 2019-11-05 14:12:09.000 admin                     User admin logged in.                                                                                                                                 
        501 2019-11-05 14:13:14.000 admin                     User admin logged out.                                                                                                                                
        502 2019-11-05 14:13:21.000 admin                     User admin logged in.                                                                                                                                 
        503 2019-11-05 14:13:35.000 admin                     CEMDAS terminated by admin                                                                                                                            
        504 2019-11-05 14:13:49.000 PPE                       Starting the Post Processing Engine...                                                                                                                
        505 2019-11-05 14:13:49.000 PPE                       Setting:PADEP REV8 in General config table not found                                                                                                  
        506 2019-11-05 14:13:51.000 cemdas                    CEMDAS started.                                                                                                                                       
        507 2019-11-05 14:13:53.000 DCE                       Starting DCE...                                                                                                                                       
        508 2019-11-05 14:13:53.000 DCE                       LOAD_PLC_INFO - ReadOnly not set in GeneralCfg table                                                                                                  
        509 2019-11-05 14:13:53.000 DCE                       LOAD_PLC_INFO - CPU313 not set in GeneralCfg table                                                                                                    
        510 2019-11-05 14:13:54.000 DCE                       ReSending Daily Calibration Info to PLC due to IO_SYS_OUT                                                                                             
        511 2019-11-05 14:16:19.000 cemdas                    Dashboard layout saved.                                                                                                                               
        512 2019-11-05 14:16:20.000 admin                     User admin logged in.                                                                                                                                 
        513 2019-11-05 14:17:45.000 admin                     CEMDAS terminated by admin                                                                                                                            
        514 2019-11-05 14:17:56.000 PPE                       Starting the Post Processing Engine...                                                                                                                
        515 2019-11-05 14:17:56.000 PPE                       Setting:PADEP REV8 in General config table not found                                                                                                  
        516 2019-11-05 14:17:58.000 cemdas                    CEMDAS started.                                                                                                                                       
        517 2019-11-05 14:18:00.000 DCE                       Starting DCE...                                                                                                                                       
        518 2019-11-05 14:18:00.000 DCE                       LOAD_PLC_INFO - ReadOnly not set in GeneralCfg table                                                                                                  
        519 2019-11-05 14:18:00.000 DCE                       LOAD_PLC_INFO - CPU313 not set in GeneralCfg table                                                                                                    
        520 2019-11-05 14:18:01.000 DCE                       ReSending Daily Calibration Info to PLC due to IO_SYS_OUT                                                                                             
        521 2019-11-05 14:19:54.000 admin                     User admin logged in.                                                                                                                                 
        522 2019-11-05 14:21:05.000 admin                     CEMDAS terminated by admin                                                                                                                            
        523 2019-11-05 14:22:17.000 PPE                       Starting the Post Processing Engine...                                                                                                                
        524 2019-11-05 14:22:17.000 PPE                       Setting:PADEP REV8 in General config table not found                                                                                                  
        525 2019-11-05 14:22:19.000 cemdas                    CEMDAS started.                                                                                                                                       
        526 2019-11-05 14:22:21.000 DCE                       Starting DCE...                                                                                                                                       
        527 2019-11-05 14:22:21.000 DCE                       LOAD_PLC_INFO - ReadOnly not set in GeneralCfg table                                                                                                  
        528 2019-11-05 14:22:21.000 DCE                       LOAD_PLC_INFO - CPU313 not set in GeneralCfg table                                                                                                    
        529 2019-11-05 14:22:22.000 DCE                       ReSending Daily Calibration Info to PLC due to IO_SYS_OUT                                                                                             
        530 2019-11-05 14:22:36.000 admin                     User admin logged in.                                                                                                                                 
        531 2019-11-05 14:23:55.000 admin                     CEMDAS terminated by admin                                                                                                                            
        532 2019-11-05 14:24:15.000 PPE                       Starting the Post Processing Engine...                                                                                                                
        533 2019-11-05 14:24:15.000 PPE                       Setting:PADEP REV8 in General config table not found                                                                                                  
        534 2019-11-05 14:24:17.000 cemdas                    CEMDAS started.                                                                                                                                       
        535 2019-11-05 14:24:19.000 DCE                       Starting DCE...                                                                                                                                       
        536 2019-11-05 14:24:19.000 DCE                       LOAD_PLC_INFO - ReadOnly not set in GeneralCfg table                                                                                                  
        537 2019-11-05 14:24:19.000 DCE                       LOAD_PLC_INFO - CPU313 not set in GeneralCfg table                                                                                                    
        538 2019-11-05 14:24:20.000 DCE                       ReSending Daily Calibration Info to PLC due to IO_SYS_OUT                                                                                             
        539 2019-11-05 14:24:33.000 admin                     User admin logged in.                                                                                                                                 
        540 2019-11-05 14:26:29.000 admin                     Alarms acknowledged.                                                                                                                                  
        541 2019-11-05 14:27:00.000 admin                     User admin logged in.                                                                                                                                 
        542 2019-11-05 14:27:07.000 admin                     User admin logged in.                                                                                                                                 
        543 2019-11-05 14:27:40.000 admin                     CEMDAS terminated by admin                                                                                                                            
        544 2019-11-05 14:31:31.000 PPE                       Starting the Post Processing Engine...                                                                                                                
        545 2019-11-05 14:31:31.000 PPE                       Setting:PADEP REV8 in General config table not found                                                                                                  
        546 2019-11-05 14:31:33.000 cemdas                    CEMDAS started.                                                                                                                                       
        547 2019-11-05 14:31:35.000 DCE                       Starting DCE...                                                                                                                                       
        548 2019-11-05 14:31:35.000 DCE                       LOAD_PLC_INFO - ReadOnly not set in GeneralCfg table                                                                                                  
        549 2019-11-05 14:31:35.000 DCE                       LOAD_PLC_INFO - CPU313 not set in GeneralCfg table                                                                                                    
        550 2019-11-05 14:31:36.000 DCE                       ReSending Daily Calibration Info to PLC due to IO_SYS_OUT                                                                                             
        551 2019-11-05 14:31:48.000 cemdas                    Alarms acknowledged.                                                                                                                                  
        552 2019-11-05 14:32:31.000 cemdas                    Emissions rows updated.                                                                                                                               
        553 2019-11-05 14:32:31.000 cemdas                    Emissions columns updated.                                                                                                                            
        554 2019-11-05 14:33:41.000 admin                     User admin logged in.                                                                                                                                 
        555 2019-11-05 14:54:40.000 admin                     User admin logged in.                                                                                                                                 
        556 2019-11-05 15:05:20.000 admin                     Dashboard layout saved.                                                                                                                               
        557 2019-11-05 15:05:28.000 admin                     CEMDAS terminated by admin                                                                                                                            
        558 2019-11-05 15:05:40.000 PPE                       Starting the Post Processing Engine...                                                                                                                
        559 2019-11-05 15:05:40.000 PPE                       Setting:PADEP REV8 in General config table not found                                                                                                  
        560 2019-11-05 15:05:42.000 cemdas                    CEMDAS started.                                                                                                                                       
        561 2019-11-05 15:05:44.000 DCE                       Starting DCE...                                                                                                                                       
        562 2019-11-05 15:05:44.000 DCE                       LOAD_PLC_INFO - ReadOnly not set in GeneralCfg table                                                                                                  
        563 2019-11-05 15:05:44.000 DCE                       LOAD_PLC_INFO - CPU313 not set in GeneralCfg table                                                                                                    
        564 2019-11-05 15:05:45.000 DCE                       ReSending Daily Calibration Info to PLC due to IO_SYS_OUT                                                                                             
        565 2019-11-05 15:05:56.000 admin                     User admin logged in.                                                                                                                                 
        566 2019-11-05 15:19:58.000 admin                     CEMDAS terminated by admin                                                                                                                            
        567 2019-11-05 15:20:23.000 PPE                       Starting the Post Processing Engine...                                                                                                                
        568 2019-11-05 15:20:23.000 PPE                       Setting:PADEP REV8 in General config table not found                                                                                                  
        569 2019-11-05 15:20:25.000 cemdas                    CEMDAS started.                                                                                                                                       
        570 2019-11-05 15:20:27.000 DCE                       Starting DCE...                                                                                                                                       
        571 2019-11-05 15:20:27.000 DCE                       LOAD_PLC_INFO - ReadOnly not set in GeneralCfg table                                                                                                  
        572 2019-11-05 15:20:27.000 DCE                       LOAD_PLC_INFO - CPU313 not set in GeneralCfg table                                                                                                    
        573 2019-11-05 15:20:27.000 DCE                       STATE.DCE does not exist. Default created.                                                                                                            
        574 2019-11-05 15:20:28.000 DCE                       ReSending Daily Calibration Info to PLC due to IO_SYS_OUT                                                                                             
        575 2019-11-05 15:20:40.000 admin                     User admin logged in.                                                                                                                                 
        576 2019-11-05 15:25:04.000 admin                     CEMDAS terminated by admin                                                                                                                            
        577 2019-11-05 15:26:19.000 PPE                       Starting the Post Processing Engine...                                                                                                                
        578 2019-11-05 15:26:19.000 PPE                       Setting:PADEP REV8 in General config table not found                                                                                                  
        579 2019-11-05 15:26:20.000 cemdas                    CEMDAS started.                                                                                                                                       
        580 2019-11-05 15:26:23.000 DCE                       Starting DCE...                                                                                                                                       
        581 2019-11-05 15:26:23.000 DCE                       LOAD_PLC_INFO - ReadOnly not set in GeneralCfg table                                                                                                  
        582 2019-11-05 15:26:23.000 DCE                       LOAD_PLC_INFO - CPU313 not set in GeneralCfg table                                                                                                    
        583 2019-11-05 15:26:23.000 DCE                       STATE.DCE does not exist. Default created.                                                                                                            
        584 2019-11-05 15:26:24.000 DCE                       ReSending Daily Calibration Info to PLC due to IO_SYS_OUT                                                                                             
        585 2019-11-05 15:26:42.000 admin                     User admin logged in.                                                                                                                                 
        586 2019-11-05 15:27:00.000 admin                     Alarms acknowledged.                                                                                                                                  
        587 2019-11-05 15:28:07.000 admin                     CEMDAS terminated by admin                                                                                                                            
        588 2019-11-05 15:29:58.000 PPE                       Starting the Post Processing Engine...                                                                                                                
        589 2019-11-05 15:29:58.000 PPE                       Setting:PADEP REV8 in General config table not found                                                                                                  
        590 2019-11-05 15:29:59.000 cemdas                    CEMDAS started.                                                                                                                                       
        591 2019-11-05 15:30:02.000 DCE                       Starting DCE...                                                                                                                                       
        592 2019-11-05 15:30:02.000 DCE                       LOAD_PLC_INFO - ReadOnly not set in GeneralCfg table                                                                                                  
        593 2019-11-05 15:30:02.000 DCE                       LOAD_PLC_INFO - CPU313 not set in GeneralCfg table                                                                                                    
        594 2019-11-05 15:30:03.000 DCE                       ReSending Daily Calibration Info to PLC due to IO_SYS_OUT                                                                                             
        595 2019-11-05 15:36:58.000 admin                     User admin logged in.                                                                                                                                 
        596 2019-11-05 15:37:12.000 admin                     CEMDAS terminated by admin                                                                                                                            
        597 2019-11-05 15:37:26.000 PPE                       Starting the Post Processing Engine...                                                                                                                
        598 2019-11-05 15:37:26.000 PPE                       Setting:PADEP REV8 in General config table not found                                                                                                  
        599 2019-11-05 15:37:28.000 cemdas                    CEMDAS started.                                                                                                                                       
        600 2019-11-05 15:37:30.000 DCE                       Starting DCE...                                                                                                                                       
        601 2019-11-05 15:37:30.000 DCE                       LOAD_PLC_INFO - ReadOnly not set in GeneralCfg table                                                                                                  
        602 2019-11-05 15:37:30.000 DCE                       LOAD_PLC_INFO - CPU313 not set in GeneralCfg table                                                                                                    
        603 2019-11-05 15:37:31.000 DCE                       ReSending Daily Calibration Info to PLC due to IO_SYS_OUT                                                                                             
        604 2019-11-05 15:38:44.000 admin                     User admin logged in.                                                                                                                                 
        605 2019-11-05 16:23:46.000 admin                     Alarms acknowledged.                                                                                                                                  
        606 2019-11-05 16:24:40.000 admin                     CEMDAS terminated by admin                                                                                                                            
        607 2019-11-06 07:58:23.000 PPE                       Starting the Post Processing Engine...                                                                                                                
        608 2019-11-06 07:58:23.000 PPE                       Setting:PADEP REV8 in General config table not found                                                                                                  
        609 2019-11-06 07:58:25.000 cemdas                    CEMDAS started.                                                                                                                                       
        610 2019-11-06 07:58:27.000 DCE                       Starting DCE...                                                                                                                                       
        611 2019-11-06 07:58:27.000 DCE                       LOAD_PLC_INFO - ReadOnly not set in GeneralCfg table                                                                                                  
        612 2019-11-06 07:58:27.000 DCE                       LOAD_PLC_INFO - CPU313 not set in GeneralCfg table                                                                                                    
        613 2019-11-06 07:58:36.000 DCE                       11/6/2019 7:58:36 AM, Sending 2nd cmd :  mintPLC_FAIL(1 )6                                                                                            
        614 2019-11-06 07:59:56.000 DCE                       ReSending Daily Calibration Info to PLC due to IO_SYS_OUT                                                                                             
        615 2019-11-06 08:04:34.000 admin                     User admin logged in.                                                                                                                                 
        616 2019-11-06 08:06:24.000 admin                     Alarms acknowledged.                                                                                                                                  
        617 2019-11-06 08:15:26.000 admin                     Dashboard layout saved.                                                                                                                               
        618 2019-11-06 09:19:58.000 admin                     Alarms acknowledged.                                                                                                                                  
        619 2019-11-06 09:28:31.000 admin                     CEMDAS terminated by admin                                                                                                                            
        620 2019-11-06 09:28:52.000 PPE                       Starting the Post Processing Engine...                                                                                                                
        621 2019-11-06 09:28:52.000 PPE                       Setting:PADEP REV8 in General config table not found                                                                                                  
        622 2019-11-06 09:28:53.000 cemdas                    CEMDAS started.                                                                                                                                       
        623 2019-11-06 09:28:56.000 DCE                       Starting DCE...                                                                                                                                       
        624 2019-11-06 09:28:56.000 DCE                       LOAD_PLC_INFO - ReadOnly not set in GeneralCfg table                                                                                                  
        625 2019-11-06 09:28:56.000 DCE                       LOAD_PLC_INFO - CPU313 not set in GeneralCfg table                                                                                                    
        626 2019-11-06 09:29:05.000 DCE                       11/6/2019 9:29:05 AM, Sending 2nd cmd :  mintPLC_FAIL(1 )6                                                                                            
        627 2019-11-06 09:29:09.000 admin                     User admin logged in.                                                                                                                                 
        628 2019-11-06 09:33:50.000 admin                     Alarms acknowledged.                                                                                                                                  
        629 2019-11-06 09:35:11.000 admin                     CEMDAS terminated by admin                                                                                                                            
        630 2019-11-06 09:35:27.000 PPE                       Starting the Post Processing Engine...                                                                                                                
        631 2019-11-06 09:35:27.000 PPE                       Setting:PADEP REV8 in General config table not found                                                                                                  
        632 2019-11-06 09:35:29.000 cemdas                    CEMDAS started.                                                                                                                                       
        633 2019-11-06 09:35:31.000 DCE                       Starting DCE...                                                                                                                                       
        634 2019-11-06 09:35:31.000 DCE                       LOAD_PLC_INFO - ReadOnly not set in GeneralCfg table                                                                                                  
        635 2019-11-06 09:35:31.000 DCE                       LOAD_PLC_INFO - CPU313 not set in GeneralCfg table                                                                                                    
        636 2019-11-06 09:35:40.000 DCE                       11/6/2019 9:35:40 AM, Sending 2nd cmd :  mintPLC_FAIL(1 )6                                                                                            
        637 2019-11-06 09:35:46.000 cemdas                    Alarms acknowledged.                                                                                                                                  
        638 2019-11-06 09:47:27.000 admin                     User admin logged in.                                                                                                                                 
        639 2019-11-06 09:47:41.000 admin                     CEMDAS terminated by admin                                                                                                                            
        640 2019-11-06 09:53:59.000 PPE                       Starting the Post Processing Engine...                                                                                                                
        641 2019-11-06 09:53:59.000 PPE                       Setting:PADEP REV8 in General config table not found                                                                                                  
        642 2019-11-06 09:54:00.000 cemdas                    CEMDAS started.                                                                                                                                       
        643 2019-11-06 09:54:03.000 DCE                       Starting DCE...                                                                                                                                       
        644 2019-11-06 09:54:03.000 DCE                       LOAD_PLC_INFO - ReadOnly not set in GeneralCfg table                                                                                                  
        645 2019-11-06 09:54:03.000 DCE                       LOAD_PLC_INFO - CPU313 not set in GeneralCfg table                                                                                                    
        646 2019-11-06 09:54:12.000 DCE                       11/6/2019 9:54:12 AM, Sending 2nd cmd :  mintPLC_FAIL(1 )6                                                                                            
        647 2019-11-06 09:54:16.000 admin                     User admin logged in.                                                                                                                                 
        648 2019-11-06 09:58:14.000 admin                     Alarms acknowledged.                                                                                                                                  
        649 2019-11-06 10:13:46.000 admin                     CEMDAS terminated by admin                                                                                                                            
        650 2019-11-06 13:36:08.000 PPE                       Starting the Post Processing Engine...                                                                                                                
        651 2019-11-06 13:36:08.000 PPE                       Setting:PADEP REV8 in General config table not found                                                                                                  
        652 2019-11-06 13:36:10.000 cemdas                    CEMDAS started.                                                                                                                                       
        653 2019-11-06 13:36:12.000 DCE                       Starting DCE...                                                                                                                                       
        654 2019-11-06 13:36:12.000 DCE                       LOAD_PLC_INFO - ReadOnly not set in GeneralCfg table                                                                                                  
        655 2019-11-06 13:36:12.000 DCE                       STATE.DCE does not exist. Default created.                                                                                                            
        656 2019-11-06 13:36:12.000 PPE                       [201911MIN] database and Minute table are created at 11/6/2019 1:36:12 PM...                                                                          
        657 2019-11-06 13:36:19.000 cemdas                    Initiating automatic database backup...                                                                                                               
        658 2019-11-06 13:36:19.000 cemdas                    Automatic backup completed successfully.                                                                                                              
        659 2019-11-06 13:36:19.000 cemdas                    Path:C:\Cemdas\Temp\201911MIN-110619133619.bak                                                                                                        
        660 2019-11-06 13:36:19.000 cemdas                    Path:C:\Cemdas\Temp\201911SCAN-110619133619.bak                                                                                                       
        661 2019-11-06 13:36:21.000 DCE                       11/6/2019 1:36:21 PM, Sending 2nd cmd :  mintPLC_FAIL(1 )6                                                                                            
        662 2019-11-06 13:36:22.000 cemdas                    Path:C:\Cemdas\Temp\PepperidgeFarmsSys1-110619133622.bak                                                                                              
        663 2019-11-06 13:36:23.000 cemdas                    Path:C:\Cemdas\Temp\PepperidgeFarmsSys2-110619133623.bak                                                                                              
        664 2019-11-06 13:36:23.000 cemdas                    Backup complete                                                                                                                                       
        665 2019-11-06 13:42:54.000 cemdas                    CEMDAS terminated by cemdas                                                                                                                           
        666 2019-11-06 16:18:05.000 PPE                       Starting the Post Processing Engine...                                                                                                                
        667 2019-11-06 16:18:05.000 PPE                       Setting:PADEP REV8 in General config table not found                                                                                                  
        668 2019-11-06 16:18:07.000 cemdas                    CEMDAS started.                                                                                                                                       
        669 2019-11-06 16:18:09.000 DCE                       Starting DCE...                                                                                                                                       
        670 2019-11-06 16:18:09.000 DCE                       LOAD_PLC_INFO - ReadOnly not set in GeneralCfg table                                                                                                  
        671 2019-11-06 16:18:09.000 DCE                       STATE.DCE does not exist. Default created.                                                                                                            
        672 2019-11-06 16:18:12.000 PPE                       [201911MIN] database and Minute table are created at 11/6/2019 4:18:12 PM...                                                                          
        673 2019-11-06 16:18:18.000 DCE                       11/6/2019 4:18:18 PM, Sending 2nd cmd :  mintPLC_FAIL(1 )6                                                                                            
        674 2019-11-06 16:19:38.000 cemdas                    CEMDAS terminated by cemdas                                                                                                                           
        675 2019-11-07 09:34:05.000 PPE                       Starting the Post Processing Engine...                                                                                                                
        676 2019-11-07 09:34:05.000 PPE                       Setting:PADEP REV8 in General config table not found                                                                                                  
        677 2019-11-07 09:34:07.000 cemdas                    CEMDAS started.                                                                                                                                       
        678 2019-11-07 09:34:12.000 PPE                       [201911MIN] database and Minute table are created at 11/7/2019 9:34:12 AM...                                                                          
        679 2019-11-07 09:34:16.000 DCE                       Starting DCE...                                                                                                                                       
        680 2019-11-07 09:34:16.000 DCE                       LOAD_PLC_INFO - ReadOnly not set in GeneralCfg table                                                                                                  
        681 2019-11-07 09:34:25.000 DCE                       11/7/2019 9:34:25 AM, Sending 2nd cmd :  mintPLC_FAIL(1 )6                                                                                            
        682 2019-11-07 15:00:33.000 cemdas                    CEMDAS terminated by cemdas                                                                                                                           

(403 rows affected)
Changed database context to 'PepperidgeFarmsSys2'.
Processed 376 pages for database 'PepperidgeFarmsSys2', file 'PepperidgeFarmsSys2_Data' on file 1.
Processed 2 pages for database 'PepperidgeFarmsSys2', file 'PepperidgeFarmsSys2_Log' on file 1.
BACKUP DATABASE successfully processed 378 pages in 0.447 seconds (6.606 MB/sec).
Changed database context to 'PepperidgeFarmsSys2'.
Msg 3201, Level 16, State 1, Server CGAMBRELL\SQLEXPRESS, Line 2
Cannot open backup device 'C:\Users\cgambrell\DESKTOP\PepperidgeFarmsSys2\PepperidgeFarmsSys2'. Operating system error 3(The system cannot find the path specified.).
Msg 3013, Level 16, State 1, Server CGAMBRELL\SQLEXPRESS, Line 2
BACKUP DATABASE is terminating abnormally.
Changed database context to 'PepperidgeFarmsSys2'.
Msg 3201, Level 16, State 1, Server CGAMBRELL\SQLEXPRESS, Line 2
Cannot open backup device 'C:\Users\cgambrell\DESKTOP\PepperidgeFarmsSys2\PepperidgeFarmsSys2'. Operating system error 5(Access is denied.).
Msg 3013, Level 16, State 1, Server CGAMBRELL\SQLEXPRESS, Line 2
BACKUP DATABASE is terminating abnormally.
Changed database context to 'PepperidgeFarmsSys2'.
Msg 3201, Level 16, State 1, Server CGAMBRELL\SQLEXPRESS, Line 2
Cannot open backup device 'C:\Users\cgambrell\DESKTOP\PepperidgeFarmsSys2\'. Operating system error 3(The system cannot find the path specified.).
Msg 3013, Level 16, State 1, Server CGAMBRELL\SQLEXPRESS, Line 2
BACKUP DATABASE is terminating abnormally.
Changed database context to 'PepperidgeFarmsSys2'.
Processed 376 pages for database 'PepperidgeFarmsSys2', file 'PepperidgeFarmsSys2_Data' on file 1.
Processed 2 pages for database 'PepperidgeFarmsSys2', file 'PepperidgeFarmsSys2_Log' on file 1.
BACKUP DATABASE successfully processed 378 pages in 0.274 seconds (10.777 MB/sec).
Changed database context to 'PepperidgeFarmsSys2'.
Processed 376 pages for database 'PepperidgeFarmsSys2', file 'PepperidgeFarmsSys2_Data' on file 2.
Processed 2 pages for database 'PepperidgeFarmsSys2', file 'PepperidgeFarmsSys2_Log' on file 2.
BACKUP DATABASE successfully processed 378 pages in 0.211 seconds (13.995 MB/sec).
Changed database context to 'PepperidgeFarmsSys2'.
Processed 376 pages for database 'PepperidgeFarmsSys2', file 'PepperidgeFarmsSys2_Data' on file 3.
Processed 2 pages for database 'PepperidgeFarmsSys2', file 'PepperidgeFarmsSys2_Log' on file 3.
BACKUP DATABASE successfully processed 378 pages in 0.536 seconds (5.509 MB/sec).
